<?xml version="1.0" encoding="UTF-8"?>
<!-- Generated by org.testng.reporters.JUnitReportReporter -->
<testsuite skipped="0" hostname="sijil-ThinkPad-L480" name="com.qa.test.Apitest" tests="2" failures="0" timestamp="11 Dec 2018 05:33:56 GMT" time="0.637" errors="0">
  <testcase name="getall" time="0.113" classname="com.qa.test.Apitest"/>
  <testcase name="get" time="0.524" classname="com.qa.test.Apitest"/>
</testsuite> <!-- com.qa.test.Apitest -->
