<?xml version="1.0" encoding="UTF-8"?>
<!-- Generated by org.testng.reporters.JUnitReportReporter -->
<testsuite skipped="0" hostname="sijil-ThinkPad-L480" name="com.qa.test.APigetTest" tests="4" failures="0" timestamp="11 Dec 2018 06:57:26 GMT" time="1.075" errors="0">
  <testcase name="getall" time="0.124" classname="com.qa.test.APigetTest"/>
  <testcase name="getversion1" time="0.223" classname="com.qa.test.APigetTest"/>
  <testcase name="deleteversion" time="0.586" classname="com.qa.test.APigetTest"/>
  <testcase name="getversion" time="0.142" classname="com.qa.test.APigetTest"/>
</testsuite> <!-- com.qa.test.APigetTest -->
