<?xml version="1.0" encoding="UTF-8"?>
<!-- Generated by org.testng.reporters.JUnitReportReporter -->
<testsuite skipped="0" hostname="sijil-ThinkPad-L480" name="com.qa.test.ApipostTest" tests="1" failures="0" timestamp="11 Dec 2018 09:33:32 GMT" time="0.883" errors="0">
  <testcase name="updateversion" time="0.883" classname="com.qa.test.ApipostTest"/>
</testsuite> <!-- com.qa.test.ApipostTest -->
